<?xml version="1.0" encoding="UTF-8"?>
<testsuite xmlns:xsi="http://www.w3.org/2001/XMLSchema-instance" xsi:schemaLocation="https://maven.apache.org/surefire/maven-surefire-plugin/xsd/surefire-test-report.xsd" name="TestSuite" time="27.772" tests="2" errors="0" skipped="0" failures="2">
  <properties>
[...]
</properties>
  <testcase name="runCukes" classname="runners.SearchManyFeature" time="21.015">
    <failure message="java.lang.AssertionError: null" type="cucumber.runtime.CucumberException">cucumber.runtime.CucumberException: java.lang.AssertionError: null
	at runners.SearchManyFeature.runCukes(SearchManyFeature.java:21)
Caused by: java.lang.AssertionError: null
</failure>
    <system-out><![CDATA[[TestNGContentHandler] [WARN] It is strongly recommended to add "<!DOCTYPE suite SYSTEM "http://testng.org/testng-1.0.dtd" >" at the top of your file, otherwise TestNG may fail or not work as expected.
alex
alex
--------------------------------------
--------------------------------------
alex
alex
--------------------------------------
--------------------------------------

&amp#27;[31mFailed scenarios:&amp#27;[0m
&amp#27;[31msrc/test/resources/features/search-many.feature:3 &amp#27;[0m# Scenario: Direct Search on Google Edge
&amp#27;[31msrc/test/resources/features/search-many.feature:11 &amp#27;[0m# Scenario: Direct Search on Google Chrome

2 Scenarios (&amp#27;[31m2 failed&amp#27;[0m)
8 Steps (&amp#27;[31m2 failed&amp#27;[0m, &amp#27;[32m6 passed&amp#27;[0m)
0m20.694s

java.lang.AssertionError: null
	at org.testng.Assert.fail(Assert.java:94)
	at org.testng.Assert.fail(Assert.java:101)
	at steps.SearchManySteps.clicks_on_search_button(SearchManySteps.java:72)
	at ?.And Clicks on search button(src/test/resources/features/search-many.feature:8)

java.lang.AssertionError: null
	at org.testng.Assert.fail(Assert.java:94)
	at org.testng.Assert.fail(Assert.java:101)
	at steps.SearchManySteps.clicks_on_search_button(SearchManySteps.java:72)
	at ?.And Clicks on search button(src/test/resources/features/search-many.feature:15)

]]></system-out>
    <system-err><![CDATA[Dec 09, 2022 11:13:34 AM org.openqa.selenium.remote.tracing.opentelemetry.OpenTelemetryTracer createTracer
INFO: Using OpenTelemetry for tracing
SLF4J: No SLF4J providers were found.
SLF4J: Defaulting to no-operation (NOP) logger implementation
SLF4J: See https://www.slf4j.org/codes.html#noProviders for further details.
]]></system-err>
  </testcase>
  <testcase name="runCukes" classname="runners.SearchOutlineFeature" time="26.725">
    <failure message="java.lang.AssertionError: null" type="cucumber.runtime.CucumberException">cucumber.runtime.CucumberException: java.lang.AssertionError: null
	at runners.SearchOutlineFeature.runCukes(SearchOutlineFeature.java:19)
Caused by: java.lang.AssertionError: null
</failure>
    <system-out><![CDATA[
&amp#27;[31mFailed scenarios:&amp#27;[0m
&amp#27;[31msrc/test/resources/features/search-outline.feature:11 &amp#27;[0m# Scenario Outline: Outline Scenario
&amp#27;[31msrc/test/resources/features/search-outline.feature:12 &amp#27;[0m# Scenario Outline: Outline Scenario

2 Scenarios (&amp#27;[31m2 failed&amp#27;[0m)
8 Steps (&amp#27;[31m2 failed&amp#27;[0m, &amp#27;[32m6 passed&amp#27;[0m)
0m26.423s

java.lang.AssertionError: null
	at org.testng.Assert.fail(Assert.java:94)
	at org.testng.Assert.fail(Assert.java:101)
	at steps.SearchManySteps.clicks_on_search_button(SearchManySteps.java:72)
	at ?.And Clicks on search button(src/test/resources/features/search-outline.feature:7)

java.lang.AssertionError: null
	at org.testng.Assert.fail(Assert.java:94)
	at org.testng.Assert.fail(Assert.java:101)
	at steps.SearchManySteps.clicks_on_search_button(SearchManySteps.java:72)
	at ?.And Clicks on search button(src/test/resources/features/search-outline.feature:7)

]]></system-out>
  </testcase>
</testsuite>